0 info it worked if it ends with ok
1 verbose cli [ 'D:\\app\\win\\NodeJS\\\\node.exe',
1 verbose cli   'D:\\app\\win\\NodeJS\\node_modules\\npm\\bin\\npm-cli.js',
1 verbose cli   'install' ]
2 info using npm@1.4.23
3 info using node@v0.10.31
4 verbose node symlink D:\app\win\NodeJS\\node.exe
5 warn package.json Corpo2014@0.0.1 No repository field.
6 verbose readDependencies using package.json deps
7 verbose install where, deps [ 'D:\\wp\\enide-studio\\Corpo2014',
7 verbose install   [ 'imagemagick',
7 verbose install     'express',
7 verbose install     'mongoose',
7 verbose install     'csprng',
7 verbose install     'connect',
7 verbose install     'nodemailer',
7 verbose install     'gravatar' ] ]
8 info preinstall Corpo2014@0.0.1
9 warn package.json crypto@0.0.3 crypto is also the name of a node core module.
10 verbose readDependencies using package.json deps
11 verbose cache add [ 'imagemagick@*', null ]
12 verbose cache add name=undefined spec="imagemagick@*" args=["imagemagick@*",null]
13 verbose parsed url { protocol: null,
13 verbose parsed url   slashes: null,
13 verbose parsed url   auth: null,
13 verbose parsed url   host: null,
13 verbose parsed url   port: null,
13 verbose parsed url   hostname: null,
13 verbose parsed url   hash: null,
13 verbose parsed url   search: null,
13 verbose parsed url   query: null,
13 verbose parsed url   pathname: 'imagemagick@*',
13 verbose parsed url   path: 'imagemagick@*',
13 verbose parsed url   href: 'imagemagick@*' }
14 verbose already installed skipping express@* D:\wp\enide-studio\Corpo2014
15 verbose already installed skipping mongoose@* D:\wp\enide-studio\Corpo2014
16 verbose already installed skipping csprng@* D:\wp\enide-studio\Corpo2014
17 verbose already installed skipping connect@* D:\wp\enide-studio\Corpo2014
18 verbose already installed skipping nodemailer@* D:\wp\enide-studio\Corpo2014
19 verbose already installed skipping gravatar@* D:\wp\enide-studio\Corpo2014
20 verbose cache add name="imagemagick" spec="*" args=["imagemagick","*"]
21 verbose parsed url { protocol: null,
21 verbose parsed url   slashes: null,
21 verbose parsed url   auth: null,
21 verbose parsed url   host: null,
21 verbose parsed url   port: null,
21 verbose parsed url   hostname: null,
21 verbose parsed url   hash: null,
21 verbose parsed url   search: null,
21 verbose parsed url   query: null,
21 verbose parsed url   pathname: '*',
21 verbose parsed url   path: '*',
21 verbose parsed url   href: '*' }
22 verbose addNamed [ 'imagemagick', '*' ]
23 verbose addNamed [ null, '*' ]
24 silly lockFile 2c443c92-imagemagick imagemagick@*
25 verbose lock imagemagick@* C:\Users\Laptop\AppData\Roaming\npm-cache\2c443c92-imagemagick.lock
26 silly addNameRange { name: 'imagemagick', range: '*', hasData: false }
27 verbose request where is /imagemagick
28 verbose request registry https://registry.npmjs.org/
29 verbose request id 13ec5ab2cd21556b
30 verbose url raw /imagemagick
31 verbose url resolving [ 'https://registry.npmjs.org/', './imagemagick' ]
32 verbose url resolved https://registry.npmjs.org/imagemagick
33 verbose request where is https://registry.npmjs.org/imagemagick
34 info trying registry request attempt 1 at 13:58:19
35 http GET https://registry.npmjs.org/imagemagick
36 info retry will retry, error on last attempt: Error: getaddrinfo ENOTFOUND
37 info trying registry request attempt 2 at 13:58:29
38 http GET https://registry.npmjs.org/imagemagick
39 info retry will retry, error on last attempt: Error: getaddrinfo ENOTFOUND
40 info trying registry request attempt 3 at 13:59:29
41 http GET https://registry.npmjs.org/imagemagick
42 silly lockFile 2c443c92-imagemagick imagemagick@*
43 silly lockFile 2c443c92-imagemagick imagemagick@*
44 error network getaddrinfo ENOTFOUND
44 error network This is most likely not a problem with npm itself
44 error network and is related to network connectivity.
44 error network In most cases you are behind a proxy or have bad network settings.
44 error network
44 error network If you are behind a proxy, please make sure that the
44 error network 'proxy' config is set properly.  See: 'npm help config'
45 error System Windows_NT 6.1.7601
46 error command "D:\\app\\win\\NodeJS\\\\node.exe" "D:\\app\\win\\NodeJS\\node_modules\\npm\\bin\\npm-cli.js" "install"
47 error cwd D:\wp\enide-studio\Corpo2014
48 error node -v v0.10.31
49 error npm -v 1.4.23
50 error syscall getaddrinfo
51 error code ENOTFOUND
52 error errno ENOTFOUND
53 verbose exit [ 1, true ]
